  TextureManager.cpp
  Note: including file: C:\Program Files (x86)\Microsoft Visual Studio\2017\Community\VC\Tools\MSVC\14.15.26726\include\iostream
  Note: including file:  C:\Program Files (x86)\Microsoft Visual Studio\2017\Community\VC\Tools\MSVC\14.15.26726\include\istream
  Note: including file:   C:\Program Files (x86)\Microsoft Visual Studio\2017\Community\VC\Tools\MSVC\14.15.26726\include\ostream
  Note: including file:    C:\Program Files (x86)\Microsoft Visual Studio\2017\Community\VC\Tools\MSVC\14.15.26726\include\ios
  Note: including file:     C:\Program Files (x86)\Microsoft Visual Studio\2017\Community\VC\Tools\MSVC\14.15.26726\include\xlocnum
  Note: including file:      C:\Program Files (x86)\Microsoft Visual Studio\2017\Community\VC\Tools\MSVC\14.15.26726\include\climits
  Note: including file:       C:\Program Files (x86)\Microsoft Visual Studio\2017\Community\VC\Tools\MSVC\14.15.26726\include\yvals.h
  Note: including file:        C:\Program Files (x86)\Microsoft Visual Studio\2017\Community\VC\Tools\MSVC\14.15.26726\include\yvals_core.h
  Note: including file:         C:\Program Files (x86)\Microsoft Visual Studio\2017\Community\VC\Tools\MSVC\14.15.26726\include\xkeycheck.h
  Note: including file:         C:\Program Files (x86)\Microsoft Visual Studio\2017\Community\VC\Tools\MSVC\14.15.26726\include\crtdefs.h
  Note: including file:          C:\Program Files (x86)\Microsoft Visual Studio\2017\Community\VC\Tools\MSVC\14.15.26726\include\vcruntime.h
  Note: including file:           C:\Program Files (x86)\Microsoft Visual Studio\2017\Community\VC\Tools\MSVC\14.15.26726\include\sal.h
  Note: including file:            C:\Program Files (x86)\Microsoft Visual Studio\2017\Community\VC\Tools\MSVC\14.15.26726\include\concurrencysal.h
  Note: including file:           C:\Program Files (x86)\Microsoft Visual Studio\2017\Community\VC\Tools\MSVC\14.15.26726\include\vadefs.h
  Note: including file:          C:\Program Files (x86)\Windows Kits\10\Include\10.0.17763.0\ucrt\corecrt.h
  Note: including file:        C:\Program Files (x86)\Windows Kits\10\Include\10.0.17763.0\ucrt\crtdbg.h
  Note: including file:         C:\Program Files (x86)\Microsoft Visual Studio\2017\Community\VC\Tools\MSVC\14.15.26726\include\vcruntime_new_debug.h
  Note: including file:          C:\Program Files (x86)\Microsoft Visual Studio\2017\Community\VC\Tools\MSVC\14.15.26726\include\vcruntime_new.h
  Note: including file:        C:\Program Files (x86)\Microsoft Visual Studio\2017\Community\VC\Tools\MSVC\14.15.26726\include\use_ansi.h
  Note: including file:       C:\Program Files (x86)\Microsoft Visual Studio\2017\Community\VC\Tools\MSVC\14.15.26726\include\limits.h
  Note: including file:      C:\Program Files (x86)\Microsoft Visual Studio\2017\Community\VC\Tools\MSVC\14.15.26726\include\cmath
  Note: including file:       C:\Program Files (x86)\Microsoft Visual Studio\2017\Community\VC\Tools\MSVC\14.15.26726\include\cstdlib
  Note: including file:        C:\Program Files (x86)\Windows Kits\10\Include\10.0.17763.0\ucrt\stdlib.h
  Note: including file:         C:\Program Files (x86)\Windows Kits\10\Include\10.0.17763.0\ucrt\corecrt_malloc.h
  Note: including file:         C:\Program Files (x86)\Windows Kits\10\Include\10.0.17763.0\ucrt\corecrt_search.h
  Note: including file:          C:\Program Files (x86)\Windows Kits\10\Include\10.0.17763.0\ucrt\stddef.h
  Note: including file:         C:\Program Files (x86)\Windows Kits\10\Include\10.0.17763.0\ucrt\corecrt_wstdlib.h
  Note: including file:        C:\Program Files (x86)\Windows Kits\10\Include\10.0.17763.0\ucrt\math.h
  Note: including file:         C:\Program Files (x86)\Windows Kits\10\Include\10.0.17763.0\ucrt\corecrt_math.h
  Note: including file:       C:\Program Files (x86)\Microsoft Visual Studio\2017\Community\VC\Tools\MSVC\14.15.26726\include\xtgmath.h
  Note: including file:        C:\Program Files (x86)\Microsoft Visual Studio\2017\Community\VC\Tools\MSVC\14.15.26726\include\xtr1common
  Note: including file:      C:\Program Files (x86)\Microsoft Visual Studio\2017\Community\VC\Tools\MSVC\14.15.26726\include\cstdio
  Note: including file:       C:\Program Files (x86)\Windows Kits\10\Include\10.0.17763.0\ucrt\stdio.h
  Note: including file:        C:\Program Files (x86)\Windows Kits\10\Include\10.0.17763.0\ucrt\corecrt_wstdio.h
  Note: including file:         C:\Program Files (x86)\Windows Kits\10\Include\10.0.17763.0\ucrt\corecrt_stdio_config.h
  Note: including file:      C:\Program Files (x86)\Microsoft Visual Studio\2017\Community\VC\Tools\MSVC\14.15.26726\include\streambuf
  Note: including file:       C:\Program Files (x86)\Microsoft Visual Studio\2017\Community\VC\Tools\MSVC\14.15.26726\include\xiosbase
  Note: including file:        C:\Program Files (x86)\Microsoft Visual Studio\2017\Community\VC\Tools\MSVC\14.15.26726\include\xlocale
  Note: including file:         C:\Program Files (x86)\Microsoft Visual Studio\2017\Community\VC\Tools\MSVC\14.15.26726\include\cstring
  Note: including file:          C:\Program Files (x86)\Windows Kits\10\Include\10.0.17763.0\ucrt\string.h
  Note: including file:           C:\Program Files (x86)\Windows Kits\10\Include\10.0.17763.0\ucrt\corecrt_memory.h
  Note: including file:            C:\Program Files (x86)\Windows Kits\10\Include\10.0.17763.0\ucrt\corecrt_memcpy_s.h
  Note: including file:             C:\Program Files (x86)\Windows Kits\10\Include\10.0.17763.0\ucrt\errno.h
  Note: including file:             C:\Program Files (x86)\Microsoft Visual Studio\2017\Community\VC\Tools\MSVC\14.15.26726\include\vcruntime_string.h
  Note: including file:           C:\Program Files (x86)\Windows Kits\10\Include\10.0.17763.0\ucrt\corecrt_wstring.h
  Note: including file:         C:\Program Files (x86)\Microsoft Visual Studio\2017\Community\VC\Tools\MSVC\14.15.26726\include\stdexcept
  Note: including file:          C:\Program Files (x86)\Microsoft Visual Studio\2017\Community\VC\Tools\MSVC\14.15.26726\include\exception
  Note: including file:           C:\Program Files (x86)\Microsoft Visual Studio\2017\Community\VC\Tools\MSVC\14.15.26726\include\type_traits
  Note: including file:            C:\Program Files (x86)\Microsoft Visual Studio\2017\Community\VC\Tools\MSVC\14.15.26726\include\xstddef
  Note: including file:             C:\Program Files (x86)\Microsoft Visual Studio\2017\Community\VC\Tools\MSVC\14.15.26726\include\cstddef
  Note: including file:             C:\Program Files (x86)\Microsoft Visual Studio\2017\Community\VC\Tools\MSVC\14.15.26726\include\initializer_list
  Note: including file:           C:\Program Files (x86)\Windows Kits\10\Include\10.0.17763.0\ucrt\malloc.h
  Note: including file:           C:\Program Files (x86)\Microsoft Visual Studio\2017\Community\VC\Tools\MSVC\14.15.26726\include\vcruntime_exception.h
  Note: including file:            C:\Program Files (x86)\Microsoft Visual Studio\2017\Community\VC\Tools\MSVC\14.15.26726\include\eh.h
  Note: including file:             C:\Program Files (x86)\Windows Kits\10\Include\10.0.17763.0\ucrt\corecrt_terminate.h
  Note: including file:          C:\Program Files (x86)\Microsoft Visual Studio\2017\Community\VC\Tools\MSVC\14.15.26726\include\xstring
  Note: including file:           C:\Program Files (x86)\Microsoft Visual Studio\2017\Community\VC\Tools\MSVC\14.15.26726\include\xmemory0
  Note: including file:            C:\Program Files (x86)\Microsoft Visual Studio\2017\Community\VC\Tools\MSVC\14.15.26726\include\cstdint
  Note: including file:             C:\Program Files (x86)\Microsoft Visual Studio\2017\Community\VC\Tools\MSVC\14.15.26726\include\stdint.h
  Note: including file:            C:\Program Files (x86)\Microsoft Visual Studio\2017\Community\VC\Tools\MSVC\14.15.26726\include\limits
  Note: including file:             C:\Program Files (x86)\Microsoft Visual Studio\2017\Community\VC\Tools\MSVC\14.15.26726\include\ymath.h
  Note: including file:             C:\Program Files (x86)\Microsoft Visual Studio\2017\Community\VC\Tools\MSVC\14.15.26726\include\cfloat
  Note: including file:              C:\Program Files (x86)\Windows Kits\10\Include\10.0.17763.0\ucrt\float.h
  Note: including file:             C:\Program Files (x86)\Microsoft Visual Studio\2017\Community\VC\Tools\MSVC\14.15.26726\include\cwchar
  Note: including file:              C:\Program Files (x86)\Windows Kits\10\Include\10.0.17763.0\ucrt\wchar.h
  Note: including file:               C:\Program Files (x86)\Windows Kits\10\Include\10.0.17763.0\ucrt\corecrt_wconio.h
  Note: including file:               C:\Program Files (x86)\Windows Kits\10\Include\10.0.17763.0\ucrt\corecrt_wctype.h
  Note: including file:               C:\Program Files (x86)\Windows Kits\10\Include\10.0.17763.0\ucrt\corecrt_wdirect.h
  Note: including file:               C:\Program Files (x86)\Windows Kits\10\Include\10.0.17763.0\ucrt\corecrt_wio.h
  Note: including file:                C:\Program Files (x86)\Windows Kits\10\Include\10.0.17763.0\ucrt\corecrt_share.h
  Note: including file:               C:\Program Files (x86)\Windows Kits\10\Include\10.0.17763.0\ucrt\corecrt_wprocess.h
  Note: including file:               C:\Program Files (x86)\Windows Kits\10\Include\10.0.17763.0\ucrt\corecrt_wtime.h
  Note: including file:               C:\Program Files (x86)\Windows Kits\10\Include\10.0.17763.0\ucrt\sys/stat.h
  Note: including file:                C:\Program Files (x86)\Windows Kits\10\Include\10.0.17763.0\ucrt\sys/types.h
  Note: including file:            C:\Program Files (x86)\Microsoft Visual Studio\2017\Community\VC\Tools\MSVC\14.15.26726\include\new
  Note: including file:            C:\Program Files (x86)\Microsoft Visual Studio\2017\Community\VC\Tools\MSVC\14.15.26726\include\xutility
  Note: including file:             C:\Program Files (x86)\Microsoft Visual Studio\2017\Community\VC\Tools\MSVC\14.15.26726\include\utility
  Note: including file:              C:\Program Files (x86)\Microsoft Visual Studio\2017\Community\VC\Tools\MSVC\14.15.26726\include\iosfwd
  Note: including file:            C:\Program Files (x86)\Microsoft Visual Studio\2017\Community\VC\Tools\MSVC\14.15.26726\include\xatomic0.h
  Note: including file:            C:\Program Files (x86)\Microsoft Visual Studio\2017\Community\VC\Tools\MSVC\14.15.26726\include\intrin0.h
  Note: including file:         C:\Program Files (x86)\Microsoft Visual Studio\2017\Community\VC\Tools\MSVC\14.15.26726\include\typeinfo
  Note: including file:          C:\Program Files (x86)\Microsoft Visual Studio\2017\Community\VC\Tools\MSVC\14.15.26726\include\vcruntime_typeinfo.h
  Note: including file:         C:\Program Files (x86)\Microsoft Visual Studio\2017\Community\VC\Tools\MSVC\14.15.26726\include\xlocinfo
  Note: including file:          C:\Program Files (x86)\Microsoft Visual Studio\2017\Community\VC\Tools\MSVC\14.15.26726\include\xlocinfo.h
  Note: including file:           C:\Program Files (x86)\Windows Kits\10\Include\10.0.17763.0\ucrt\ctype.h
  Note: including file:           C:\Program Files (x86)\Windows Kits\10\Include\10.0.17763.0\ucrt\locale.h
  Note: including file:         C:\Program Files (x86)\Microsoft Visual Studio\2017\Community\VC\Tools\MSVC\14.15.26726\include\memory
  Note: including file:          C:\Program Files (x86)\Microsoft Visual Studio\2017\Community\VC\Tools\MSVC\14.15.26726\include\xmemory
  Note: including file:         C:\Program Files (x86)\Microsoft Visual Studio\2017\Community\VC\Tools\MSVC\14.15.26726\include\xfacet
  Note: including file:        C:\Program Files (x86)\Microsoft Visual Studio\2017\Community\VC\Tools\MSVC\14.15.26726\include\system_error
  Note: including file:         C:\Program Files (x86)\Microsoft Visual Studio\2017\Community\VC\Tools\MSVC\14.15.26726\include\cerrno
  Note: including file:         C:\Program Files (x86)\Microsoft Visual Studio\2017\Community\VC\Tools\MSVC\14.15.26726\include\xcall_once.h
  Note: including file:         C:\Program Files (x86)\Microsoft Visual Studio\2017\Community\VC\Tools\MSVC\14.15.26726\include\xerrc.h
  Note: including file:        C:\Program Files (x86)\Windows Kits\10\Include\10.0.17763.0\ucrt\share.h
  Note: including file: c:\users\filip\documents\gamedev\game2d\consoleapplication1\consoleapplication1\TextureManager.h
  Note: including file:  C:\Users\Filip\Documents\GameDev\game2d\ConsoleApplication1\sfml\include\SFML/Graphics.hpp
  Note: including file:   C:\Users\Filip\Documents\GameDev\game2d\ConsoleApplication1\sfml\include\SFML/Window.hpp
  Note: including file:    C:\Users\Filip\Documents\GameDev\game2d\ConsoleApplication1\sfml\include\SFML/System.hpp
  Note: including file:     C:\Users\Filip\Documents\GameDev\game2d\ConsoleApplication1\sfml\include\SFML/Config.hpp
  Note: including file:     C:\Users\Filip\Documents\GameDev\game2d\ConsoleApplication1\sfml\include\SFML/System/Clock.hpp
  Note: including file:      C:\Users\Filip\Documents\GameDev\game2d\ConsoleApplication1\sfml\include\SFML/System/Export.hpp
  Note: including file:      C:\Users\Filip\Documents\GameDev\game2d\ConsoleApplication1\sfml\include\SFML/System/Time.hpp
  Note: including file:     C:\Users\Filip\Documents\GameDev\game2d\ConsoleApplication1\sfml\include\SFML/System/Err.hpp
  Note: including file:     C:\Users\Filip\Documents\GameDev\game2d\ConsoleApplication1\sfml\include\SFML/System/FileInputStream.hpp
  Note: including file:      C:\Users\Filip\Documents\GameDev\game2d\ConsoleApplication1\sfml\include\SFML/System/InputStream.hpp
  Note: including file:      C:\Users\Filip\Documents\GameDev\game2d\ConsoleApplication1\sfml\include\SFML/System/NonCopyable.hpp
  Note: including file:      C:\Program Files (x86)\Microsoft Visual Studio\2017\Community\VC\Tools\MSVC\14.15.26726\include\string
  Note: including file:       C:\Program Files (x86)\Microsoft Visual Studio\2017\Community\VC\Tools\MSVC\14.15.26726\include\xstring_insert.h
  Note: including file:     C:\Users\Filip\Documents\GameDev\game2d\ConsoleApplication1\sfml\include\SFML/System/Lock.hpp
  Note: including file:     C:\Users\Filip\Documents\GameDev\game2d\ConsoleApplication1\sfml\include\SFML/System/MemoryInputStream.hpp
  Note: including file:     C:\Users\Filip\Documents\GameDev\game2d\ConsoleApplication1\sfml\include\SFML/System/Mutex.hpp
  Note: including file:     C:\Users\Filip\Documents\GameDev\game2d\ConsoleApplication1\sfml\include\SFML/System/Sleep.hpp
  Note: including file:     C:\Users\Filip\Documents\GameDev\game2d\ConsoleApplication1\sfml\include\SFML/System/String.hpp
  Note: including file:      C:\Users\Filip\Documents\GameDev\game2d\ConsoleApplication1\sfml\include\SFML/System/Utf.hpp
  Note: including file:       C:\Program Files (x86)\Microsoft Visual Studio\2017\Community\VC\Tools\MSVC\14.15.26726\include\algorithm
  Note: including file:       C:\Program Files (x86)\Microsoft Visual Studio\2017\Community\VC\Tools\MSVC\14.15.26726\include\locale
  Note: including file:        C:\Program Files (x86)\Microsoft Visual Studio\2017\Community\VC\Tools\MSVC\14.15.26726\include\xlocbuf
  Note: including file:        C:\Program Files (x86)\Microsoft Visual Studio\2017\Community\VC\Tools\MSVC\14.15.26726\include\xlocmes
  Note: including file:        C:\Program Files (x86)\Microsoft Visual Studio\2017\Community\VC\Tools\MSVC\14.15.26726\include\xlocmon
  Note: including file:        C:\Program Files (x86)\Microsoft Visual Studio\2017\Community\VC\Tools\MSVC\14.15.26726\include\xloctime
  Note: including file:         C:\Program Files (x86)\Microsoft Visual Studio\2017\Community\VC\Tools\MSVC\14.15.26726\include\ctime
  Note: including file:          C:\Program Files (x86)\Windows Kits\10\Include\10.0.17763.0\ucrt\time.h
  Note: including file:       C:\Users\Filip\Documents\GameDev\game2d\ConsoleApplication1\sfml\include\SFML/System/Utf.inl
  Note: including file:      C:\Program Files (x86)\Microsoft Visual Studio\2017\Community\VC\Tools\MSVC\14.15.26726\include\iterator
  Note: including file:      C:\Users\Filip\Documents\GameDev\game2d\ConsoleApplication1\sfml\include\SFML/System/String.inl
  Note: including file:     C:\Users\Filip\Documents\GameDev\game2d\ConsoleApplication1\sfml\include\SFML/System/Thread.hpp
  Note: including file:      C:\Users\Filip\Documents\GameDev\game2d\ConsoleApplication1\sfml\include\SFML/System/Thread.inl
  Note: including file:     C:\Users\Filip\Documents\GameDev\game2d\ConsoleApplication1\sfml\include\SFML/System/ThreadLocal.hpp
  Note: including file:     C:\Users\Filip\Documents\GameDev\game2d\ConsoleApplication1\sfml\include\SFML/System/ThreadLocalPtr.hpp
  Note: including file:      C:\Users\Filip\Documents\GameDev\game2d\ConsoleApplication1\sfml\include\SFML/System/ThreadLocalPtr.inl
  Note: including file:     C:\Users\Filip\Documents\GameDev\game2d\ConsoleApplication1\sfml\include\SFML/System/Vector2.hpp
  Note: including file:      C:\Users\Filip\Documents\GameDev\game2d\ConsoleApplication1\sfml\include\SFML/System/Vector2.inl
  Note: including file:     C:\Users\Filip\Documents\GameDev\game2d\ConsoleApplication1\sfml\include\SFML/System/Vector3.hpp
  Note: including file:      C:\Users\Filip\Documents\GameDev\game2d\ConsoleApplication1\sfml\include\SFML/System/Vector3.inl
  Note: including file:    C:\Users\Filip\Documents\GameDev\game2d\ConsoleApplication1\sfml\include\SFML/Window/Clipboard.hpp
  Note: including file:     C:\Users\Filip\Documents\GameDev\game2d\ConsoleApplication1\sfml\include\SFML/Window/Export.hpp
  Note: including file:    C:\Users\Filip\Documents\GameDev\game2d\ConsoleApplication1\sfml\include\SFML/Window/Context.hpp
  Note: including file:     C:\Users\Filip\Documents\GameDev\game2d\ConsoleApplication1\sfml\include\SFML/Window/GlResource.hpp
  Note: including file:     C:\Users\Filip\Documents\GameDev\game2d\ConsoleApplication1\sfml\include\SFML/Window/ContextSettings.hpp
  Note: including file:    C:\Users\Filip\Documents\GameDev\game2d\ConsoleApplication1\sfml\include\SFML/Window/Cursor.hpp
  Note: including file:    C:\Users\Filip\Documents\GameDev\game2d\ConsoleApplication1\sfml\include\SFML/Window/Event.hpp
  Note: including file:     C:\Users\Filip\Documents\GameDev\game2d\ConsoleApplication1\sfml\include\SFML/Window/Joystick.hpp
  Note: including file:     C:\Users\Filip\Documents\GameDev\game2d\ConsoleApplication1\sfml\include\SFML/Window/Keyboard.hpp
  Note: including file:     C:\Users\Filip\Documents\GameDev\game2d\ConsoleApplication1\sfml\include\SFML/Window/Mouse.hpp
  Note: including file:     C:\Users\Filip\Documents\GameDev\game2d\ConsoleApplication1\sfml\include\SFML/Window/Sensor.hpp
  Note: including file:    C:\Users\Filip\Documents\GameDev\game2d\ConsoleApplication1\sfml\include\SFML/Window/Touch.hpp
  Note: including file:    C:\Users\Filip\Documents\GameDev\game2d\ConsoleApplication1\sfml\include\SFML/Window/VideoMode.hpp
  Note: including file:     C:\Program Files (x86)\Microsoft Visual Studio\2017\Community\VC\Tools\MSVC\14.15.26726\include\vector
  Note: including file:    C:\Users\Filip\Documents\GameDev\game2d\ConsoleApplication1\sfml\include\SFML/Window/Window.hpp
  Note: including file:     C:\Users\Filip\Documents\GameDev\game2d\ConsoleApplication1\sfml\include\SFML/Window/WindowHandle.hpp
  Note: including file:     C:\Users\Filip\Documents\GameDev\game2d\ConsoleApplication1\sfml\include\SFML/Window/WindowStyle.hpp
  Note: including file:   C:\Users\Filip\Documents\GameDev\game2d\ConsoleApplication1\sfml\include\SFML/Graphics/BlendMode.hpp
  Note: including file:    C:\Users\Filip\Documents\GameDev\game2d\ConsoleApplication1\sfml\include\SFML/Graphics/Export.hpp
  Note: including file:   C:\Users\Filip\Documents\GameDev\game2d\ConsoleApplication1\sfml\include\SFML/Graphics/CircleShape.hpp
  Note: including file:    C:\Users\Filip\Documents\GameDev\game2d\ConsoleApplication1\sfml\include\SFML/Graphics/Shape.hpp
  Note: including file:     C:\Users\Filip\Documents\GameDev\game2d\ConsoleApplication1\sfml\include\SFML/Graphics/Drawable.hpp
  Note: including file:      C:\Users\Filip\Documents\GameDev\game2d\ConsoleApplication1\sfml\include\SFML/Graphics/RenderStates.hpp
  Note: including file:       C:\Users\Filip\Documents\GameDev\game2d\ConsoleApplication1\sfml\include\SFML/Graphics/Transform.hpp
  Note: including file:        C:\Users\Filip\Documents\GameDev\game2d\ConsoleApplication1\sfml\include\SFML/Graphics/Rect.hpp
  Note: including file:         C:\Users\Filip\Documents\GameDev\game2d\ConsoleApplication1\sfml\include\SFML/Graphics/Rect.inl
  Note: including file:     C:\Users\Filip\Documents\GameDev\game2d\ConsoleApplication1\sfml\include\SFML/Graphics/Transformable.hpp
  Note: including file:     C:\Users\Filip\Documents\GameDev\game2d\ConsoleApplication1\sfml\include\SFML/Graphics/VertexArray.hpp
  Note: including file:      C:\Users\Filip\Documents\GameDev\game2d\ConsoleApplication1\sfml\include\SFML/Graphics/Vertex.hpp
  Note: including file:       C:\Users\Filip\Documents\GameDev\game2d\ConsoleApplication1\sfml\include\SFML/Graphics/Color.hpp
  Note: including file:      C:\Users\Filip\Documents\GameDev\game2d\ConsoleApplication1\sfml\include\SFML/Graphics/PrimitiveType.hpp
  Note: including file:   C:\Users\Filip\Documents\GameDev\game2d\ConsoleApplication1\sfml\include\SFML/Graphics/ConvexShape.hpp
  Note: including file:   C:\Users\Filip\Documents\GameDev\game2d\ConsoleApplication1\sfml\include\SFML/Graphics/Font.hpp
  Note: including file:    C:\Users\Filip\Documents\GameDev\game2d\ConsoleApplication1\sfml\include\SFML/Graphics/Glyph.hpp
  Note: including file:    C:\Users\Filip\Documents\GameDev\game2d\ConsoleApplication1\sfml\include\SFML/Graphics/Texture.hpp
  Note: including file:     C:\Users\Filip\Documents\GameDev\game2d\ConsoleApplication1\sfml\include\SFML/Graphics/Image.hpp
  Note: including file:    C:\Program Files (x86)\Microsoft Visual Studio\2017\Community\VC\Tools\MSVC\14.15.26726\include\map
  Note: including file:     C:\Program Files (x86)\Microsoft Visual Studio\2017\Community\VC\Tools\MSVC\14.15.26726\include\tuple
  Note: including file:     C:\Program Files (x86)\Microsoft Visual Studio\2017\Community\VC\Tools\MSVC\14.15.26726\include\xtree
  Note: including file:   C:\Users\Filip\Documents\GameDev\game2d\ConsoleApplication1\sfml\include\SFML/Graphics/RectangleShape.hpp
  Note: including file:   C:\Users\Filip\Documents\GameDev\game2d\ConsoleApplication1\sfml\include\SFML/Graphics/RenderTarget.hpp
  Note: including file:    C:\Users\Filip\Documents\GameDev\game2d\ConsoleApplication1\sfml\include\SFML/Graphics/View.hpp
  Note: including file:   C:\Users\Filip\Documents\GameDev\game2d\ConsoleApplication1\sfml\include\SFML/Graphics/RenderTexture.hpp
  Note: including file:   C:\Users\Filip\Documents\GameDev\game2d\ConsoleApplication1\sfml\include\SFML/Graphics/RenderWindow.hpp
  Note: including file:   C:\Users\Filip\Documents\GameDev\game2d\ConsoleApplication1\sfml\include\SFML/Graphics/Shader.hpp
  Note: including file:    C:\Users\Filip\Documents\GameDev\game2d\ConsoleApplication1\sfml\include\SFML/Graphics/Glsl.hpp
  Note: including file:     C:\Users\Filip\Documents\GameDev\game2d\ConsoleApplication1\sfml\include\SFML/Graphics/Glsl.inl
  Note: including file:   C:\Users\Filip\Documents\GameDev\game2d\ConsoleApplication1\sfml\include\SFML/Graphics/Sprite.hpp
  Note: including file:   C:\Users\Filip\Documents\GameDev\game2d\ConsoleApplication1\sfml\include\SFML/Graphics/Text.hpp
  Note: including file:   C:\Users\Filip\Documents\GameDev\game2d\ConsoleApplication1\sfml\include\SFML/Graphics/VertexBuffer.hpp
  Note: including file:  c:\users\filip\documents\gamedev\game2d\consoleapplication1\consoleapplication1\moony.h
  Note: including file:   c:\users\filip\documents\gamedev\game2d\consoleapplication1\consoleapplication1\moony/TextureAtlas.h
  Note: including file:    C:\Program Files (x86)\Microsoft Visual Studio\2017\Community\VC\Tools\MSVC\14.15.26726\include\fstream
  Note: including file:    C:\Program Files (x86)\Microsoft Visual Studio\2017\Community\VC\Tools\MSVC\14.15.26726\include\unordered_map
  Note: including file:     C:\Program Files (x86)\Microsoft Visual Studio\2017\Community\VC\Tools\MSVC\14.15.26726\include\xhash
  Note: including file:      C:\Program Files (x86)\Microsoft Visual Studio\2017\Community\VC\Tools\MSVC\14.15.26726\include\list
  Note: including file:    c:\users\filip\documents\gamedev\game2d\consoleapplication1\consoleapplication1\moony\Texture.h
  Note: including file:    c:\users\filip\documents\gamedev\game2d\consoleapplication1\consoleapplication1\moony\Log.h
  Note: including file:     C:\Program Files (x86)\Microsoft Visual Studio\2017\Community\VC\Tools\MSVC\14.15.26726\include\chrono
  Note: including file:      C:\Program Files (x86)\Microsoft Visual Studio\2017\Community\VC\Tools\MSVC\14.15.26726\include\ratio
  Note: including file:      C:\Program Files (x86)\Microsoft Visual Studio\2017\Community\VC\Tools\MSVC\14.15.26726\include\thr/xtimec.h
  Note: including file:       C:\Program Files (x86)\Microsoft Visual Studio\2017\Community\VC\Tools\MSVC\14.15.26726\include\thr/xthrcommon.h
  Note: including file:     C:\Program Files (x86)\Microsoft Visual Studio\2017\Community\VC\Tools\MSVC\14.15.26726\include\sstream
  Note: including file: c:\users\filip\documents\gamedev\game2d\consoleapplication1\consoleapplication1\ResourceManager.h
  ConsoleApplication1.vcxproj -> C:\Users\Filip\Documents\GameDev\game2d\ConsoleApplication1\Debug\ConsoleApplication1.exe
